<html>
<body>
<pre>
<h1>Vision3 Build Log</h1>
<h2>Project:</h2>
F:\新建文件夹 (3)\HC6800\单片机例程\液晶屏LCD\12864（C语言）\12864带字库_A\12864.uv2
Project File Date:  01/29/2010

<h2>Output:</h2>
Build target 'Target 1'
assembling 12864.ASM...
C:\KEIL\C51\INC\ATMEL\REG51.H(13): error A10: ATTEMPT TO DEFINE AN ALREADY DEFINED SYMBOL
C:\KEIL\C51\INC\ATMEL\REG51.H(14): error A10: ATTEMPT TO DEFINE AN ALREADY DEFINED SYMBOL
C:\KEIL\C51\INC\ATMEL\REG51.H(15): error A10: ATTEMPT TO DEFINE AN ALREADY DEFINED SYMBOL
C:\KEIL\C51\INC\ATMEL\REG51.H(16): error A10: ATTEMPT TO DEFINE AN ALREADY DEFINED SYMBOL
C:\KEIL\C51\INC\ATMEL\REG51.H(17): error A10: ATTEMPT TO DEFINE AN ALREADY DEFINED SYMBOL
C:\KEIL\C51\INC\ATMEL\REG51.H(18): error A10: ATTEMPT TO DEFINE AN ALREADY DEFINED SYMBOL
C:\KEIL\C51\INC\ATMEL\REG51.H(19): error A10: ATTEMPT TO DEFINE AN ALREADY DEFINED SYMBOL
C:\KEIL\C51\INC\ATMEL\REG51.H(20): error A10: ATTEMPT TO DEFINE AN ALREADY DEFINED SYMBOL
C:\KEIL\C51\INC\ATMEL\REG51.H(21): error A10: ATTEMPT TO DEFINE AN ALREADY DEFINED SYMBOL
C:\KEIL\C51\INC\ATMEL\REG51.H(22): error A10: ATTEMPT TO DEFINE AN ALREADY DEFINED SYMBOL
C:\KEIL\C51\INC\ATMEL\REG51.H(23): error A10: ATTEMPT TO DEFINE AN ALREADY DEFINED SYMBOL
C:\KEIL\C51\INC\ATMEL\REG51.H(24): error A10: ATTEMPT TO DEFINE AN ALREADY DEFINED SYMBOL
C:\KEIL\C51\INC\ATMEL\REG51.H(25): error A10: ATTEMPT TO DEFINE AN ALREADY DEFINED SYMBOL
C:\KEIL\C51\INC\ATMEL\REG51.H(26): error A10: ATTEMPT TO DEFINE AN ALREADY DEFINED SYMBOL
C:\KEIL\C51\INC\ATMEL\REG51.H(27): error A10: ATTEMPT TO DEFINE AN ALREADY DEFINED SYMBOL
C:\KEIL\C51\INC\ATMEL\REG51.H(28): error A10: ATTEMPT TO DEFINE AN ALREADY DEFINED SYMBOL
C:\KEIL\C51\INC\ATMEL\REG51.H(29): error A10: ATTEMPT TO DEFINE AN ALREADY DEFINED SYMBOL
C:\KEIL\C51\INC\ATMEL\REG51.H(30): error A10: ATTEMPT TO DEFINE AN ALREADY DEFINED SYMBOL
C:\KEIL\C51\INC\ATMEL\REG51.H(31): error A10: ATTEMPT TO DEFINE AN ALREADY DEFINED SYMBOL
C:\KEIL\C51\INC\ATMEL\REG51.H(32): error A10: ATTEMPT TO DEFINE AN ALREADY DEFINED SYMBOL
C:\KEIL\C51\INC\ATMEL\REG51.H(33): error A10: ATTEMPT TO DEFINE AN ALREADY DEFINED SYMBOL
C:\KEIL\C51\INC\ATMEL\REG51.H(38): error A10: ATTEMPT TO DEFINE AN ALREADY DEFINED SYMBOL
C:\KEIL\C51\INC\ATMEL\REG51.H(39): error A10: ATTEMPT TO DEFINE AN ALREADY DEFINED SYMBOL
C:\KEIL\C51\INC\ATMEL\REG51.H(40): error A10: ATTEMPT TO DEFINE AN ALREADY DEFINED SYMBOL
C:\KEIL\C51\INC\ATMEL\REG51.H(41): error A10: ATTEMPT TO DEFINE AN ALREADY DEFINED SYMBOL
C:\KEIL\C51\INC\ATMEL\REG51.H(42): error A10: ATTEMPT TO DEFINE AN ALREADY DEFINED SYMBOL
C:\KEIL\C51\INC\ATMEL\REG51.H(43): error A10: ATTEMPT TO DEFINE AN ALREADY DEFINED SYMBOL
C:\KEIL\C51\INC\ATMEL\REG51.H(44): error A10: ATTEMPT TO DEFINE AN ALREADY DEFINED SYMBOL
C:\KEIL\C51\INC\ATMEL\REG51.H(47): error A10: ATTEMPT TO DEFINE AN ALREADY DEFINED SYMBOL
C:\KEIL\C51\INC\ATMEL\REG51.H(48): error A10: ATTEMPT TO DEFINE AN ALREADY DEFINED SYMBOL
C:\KEIL\C51\INC\ATMEL\REG51.H(49): error A10: ATTEMPT TO DEFINE AN ALREADY DEFINED SYMBOL
C:\KEIL\C51\INC\ATMEL\REG51.H(50): error A10: ATTEMPT TO DEFINE AN ALREADY DEFINED SYMBOL
C:\KEIL\C51\INC\ATMEL\REG51.H(51): error A10: ATTEMPT TO DEFINE AN ALREADY DEFINED SYMBOL
C:\KEIL\C51\INC\ATMEL\REG51.H(52): error A10: ATTEMPT TO DEFINE AN ALREADY DEFINED SYMBOL
C:\KEIL\C51\INC\ATMEL\REG51.H(53): error A10: ATTEMPT TO DEFINE AN ALREADY DEFINED SYMBOL
C:\KEIL\C51\INC\ATMEL\REG51.H(54): error A10: ATTEMPT TO DEFINE AN ALREADY DEFINED SYMBOL
C:\KEIL\C51\INC\ATMEL\REG51.H(57): error A10: ATTEMPT TO DEFINE AN ALREADY DEFINED SYMBOL
C:\KEIL\C51\INC\ATMEL\REG51.H(58): error A10: ATTEMPT TO DEFINE AN ALREADY DEFINED SYMBOL
C:\KEIL\C51\INC\ATMEL\REG51.H(59): error A10: ATTEMPT TO DEFINE AN ALREADY DEFINED SYMBOL
C:\KEIL\C51\INC\ATMEL\REG51.H(60): error A10: ATTEMPT TO DEFINE AN ALREADY DEFINED SYMBOL
C:\KEIL\C51\INC\ATMEL\REG51.H(61): error A10: ATTEMPT TO DEFINE AN ALREADY DEFINED SYMBOL
C:\KEIL\C51\INC\ATMEL\REG51.H(62): error A10: ATTEMPT TO DEFINE AN ALREADY DEFINED SYMBOL
C:\KEIL\C51\INC\ATMEL\REG51.H(65): error A10: ATTEMPT TO DEFINE AN ALREADY DEFINED SYMBOL
C:\KEIL\C51\INC\ATMEL\REG51.H(66): error A10: ATTEMPT TO DEFINE AN ALREADY DEFINED SYMBOL
C:\KEIL\C51\INC\ATMEL\REG51.H(67): error A10: ATTEMPT TO DEFINE AN ALREADY DEFINED SYMBOL
C:\KEIL\C51\INC\ATMEL\REG51.H(68): error A10: ATTEMPT TO DEFINE AN ALREADY DEFINED SYMBOL
C:\KEIL\C51\INC\ATMEL\REG51.H(69): error A10: ATTEMPT TO DEFINE AN ALREADY DEFINED SYMBOL
C:\KEIL\C51\INC\ATMEL\REG51.H(72): error A10: ATTEMPT TO DEFINE AN ALREADY DEFINED SYMBOL
C:\KEIL\C51\INC\ATMEL\REG51.H(73): error A10: ATTEMPT TO DEFINE AN ALREADY DEFINED SYMBOL
C:\KEIL\C51\INC\ATMEL\REG51.H(74): error A10: ATTEMPT TO DEFINE AN ALREADY DEFINED SYMBOL
C:\KEIL\C51\INC\ATMEL\REG51.H(75): error A10: ATTEMPT TO DEFINE AN ALREADY DEFINED SYMBOL
C:\KEIL\C51\INC\ATMEL\REG51.H(76): error A10: ATTEMPT TO DEFINE AN ALREADY DEFINED SYMBOL
C:\KEIL\C51\INC\ATMEL\REG51.H(77): error A10: ATTEMPT TO DEFINE AN ALREADY DEFINED SYMBOL
C:\KEIL\C51\INC\ATMEL\REG51.H(78): error A10: ATTEMPT TO DEFINE AN ALREADY DEFINED SYMBOL
C:\KEIL\C51\INC\ATMEL\REG51.H(79): error A10: ATTEMPT TO DEFINE AN ALREADY DEFINED SYMBOL
C:\KEIL\C51\INC\ATMEL\REG51.H(82): error A10: ATTEMPT TO DEFINE AN ALREADY DEFINED SYMBOL
C:\KEIL\C51\INC\ATMEL\REG51.H(83): error A10: ATTEMPT TO DEFINE AN ALREADY DEFINED SYMBOL
C:\KEIL\C51\INC\ATMEL\REG51.H(84): error A10: ATTEMPT TO DEFINE AN ALREADY DEFINED SYMBOL
C:\KEIL\C51\INC\ATMEL\REG51.H(85): error A10: ATTEMPT TO DEFINE AN ALREADY DEFINED SYMBOL
C:\KEIL\C51\INC\ATMEL\REG51.H(86): error A10: ATTEMPT TO DEFINE AN ALREADY DEFINED SYMBOL
C:\KEIL\C51\INC\ATMEL\REG51.H(87): error A10: ATTEMPT TO DEFINE AN ALREADY DEFINED SYMBOL
C:\KEIL\C51\INC\ATMEL\REG51.H(88): error A10: ATTEMPT TO DEFINE AN ALREADY DEFINED SYMBOL
C:\KEIL\C51\INC\ATMEL\REG51.H(89): error A10: ATTEMPT TO DEFINE AN ALREADY DEFINED SYMBOL
12864.ASM(3): error A9: SYNTAX ERROR
12864.ASM(4): error A9: SYNTAX ERROR
12864.ASM(5): error A9: SYNTAX ERROR
12864.ASM(6): error A9: SYNTAX ERROR
12864.ASM(9): error A9: SYNTAX ERROR
12864.ASM(11): error A9: SYNTAX ERROR
12864.ASM(13): error A9: SYNTAX ERROR
12864.ASM(16): error A9: SYNTAX ERROR
12864.ASM(17): error A9: SYNTAX ERROR
12864.ASM(18): error A9: SYNTAX ERROR
12864.ASM(19): error A9: SYNTAX ERROR
12864.ASM(20): error A9: SYNTAX ERROR
12864.ASM(21): error A9: SYNTAX ERROR
12864.ASM(22): error A9: SYNTAX ERROR
12864.ASM(22): warning A41: MISSING 'END' STATEMENT
Target not created
</pre>
</body>
</html>
